2024-06-27 13:46:23,706 [Worker-5: Loading available Gradle versions] INFO  o.e.b.c.i.u.g.PublishedGradleVersions - Gradle version information cache is up-to-date. Trying to read.
2024-06-27 13:56:53,171 [Worker-23: Launching mavenrun-36da8c3e-738a-4101-97c1-b2db43dcb4f5] INFO  o.eclipse.m2e.core.internal.Bundles - getClasspathEntries(Bundle=org.eclipse.m2e.maven.runtime_3.9.700.20240602-2313 [644])
2024-06-27 13:56:53,174 [Worker-23: Launching mavenrun-36da8c3e-738a-4101-97c1-b2db43dcb4f5] INFO  o.eclipse.m2e.core.internal.Bundles - 	Entry: C:\Users\Alex\.p2\pool\plugins\org.eclipse.m2e.maven.runtime_3.9.700.20240602-2313
2024-06-27 13:56:53,175 [Worker-23: Launching mavenrun-36da8c3e-738a-4101-97c1-b2db43dcb4f5] INFO  o.eclipse.m2e.core.internal.Bundles - 	Entry: C:\Users\Alex\.p2\pool\plugins\org.eclipse.m2e.maven.runtime_3.9.700.20240602-2313\jars\aopalliance-1.0.jar
2024-06-27 13:56:53,179 [Worker-23: Launching mavenrun-36da8c3e-738a-4101-97c1-b2db43dcb4f5] INFO  o.eclipse.m2e.core.internal.Bundles - 	Entry: C:\Users\Alex\.p2\pool\plugins\org.eclipse.m2e.maven.runtime_3.9.700.20240602-2313\jars\guice-5.1.0.jar
2024-06-27 13:56:53,180 [Worker-23: Launching mavenrun-36da8c3e-738a-4101-97c1-b2db43dcb4f5] INFO  o.eclipse.m2e.core.internal.Bundles - 	Entry: C:\Users\Alex\.p2\pool\plugins\org.eclipse.m2e.maven.runtime_3.9.700.20240602-2313\jars\httpclient-4.5.14.jar
2024-06-27 13:56:53,180 [Worker-23: Launching mavenrun-36da8c3e-738a-4101-97c1-b2db43dcb4f5] INFO  o.eclipse.m2e.core.internal.Bundles - 	Entry: C:\Users\Alex\.p2\pool\plugins\org.eclipse.m2e.maven.runtime_3.9.700.20240602-2313\jars\httpcore-4.4.16.jar
2024-06-27 13:56:53,180 [Worker-23: Launching mavenrun-36da8c3e-738a-4101-97c1-b2db43dcb4f5] INFO  o.eclipse.m2e.core.internal.Bundles - 	Entry: C:\Users\Alex\.p2\pool\plugins\org.eclipse.m2e.maven.runtime_3.9.700.20240602-2313\jars\jansi-2.4.1.jar
2024-06-27 13:56:53,180 [Worker-23: Launching mavenrun-36da8c3e-738a-4101-97c1-b2db43dcb4f5] INFO  o.eclipse.m2e.core.internal.Bundles - 	Entry: C:\Users\Alex\.p2\pool\plugins\org.eclipse.m2e.maven.runtime_3.9.700.20240602-2313\jars\jcl-over-slf4j-1.7.36.jar
2024-06-27 13:56:53,180 [Worker-23: Launching mavenrun-36da8c3e-738a-4101-97c1-b2db43dcb4f5] INFO  o.eclipse.m2e.core.internal.Bundles - 	Entry: C:\Users\Alex\.p2\pool\plugins\org.eclipse.m2e.maven.runtime_3.9.700.20240602-2313\jars\maven-artifact-3.9.7.jar
2024-06-27 13:56:53,180 [Worker-23: Launching mavenrun-36da8c3e-738a-4101-97c1-b2db43dcb4f5] INFO  o.eclipse.m2e.core.internal.Bundles - 	Entry: C:\Users\Alex\.p2\pool\plugins\org.eclipse.m2e.maven.runtime_3.9.700.20240602-2313\jars\maven-builder-support-3.9.7.jar
2024-06-27 13:56:53,180 [Worker-23: Launching mavenrun-36da8c3e-738a-4101-97c1-b2db43dcb4f5] INFO  o.eclipse.m2e.core.internal.Bundles - 	Entry: C:\Users\Alex\.p2\pool\plugins\org.eclipse.m2e.maven.runtime_3.9.700.20240602-2313\jars\maven-compat-3.9.7.jar
2024-06-27 13:56:53,181 [Worker-23: Launching mavenrun-36da8c3e-738a-4101-97c1-b2db43dcb4f5] INFO  o.eclipse.m2e.core.internal.Bundles - 	Entry: C:\Users\Alex\.p2\pool\plugins\org.eclipse.m2e.maven.runtime_3.9.700.20240602-2313\jars\maven-core-3.9.7.jar
2024-06-27 13:56:53,181 [Worker-23: Launching mavenrun-36da8c3e-738a-4101-97c1-b2db43dcb4f5] INFO  o.eclipse.m2e.core.internal.Bundles - 	Entry: C:\Users\Alex\.p2\pool\plugins\org.eclipse.m2e.maven.runtime_3.9.700.20240602-2313\jars\maven-embedder-3.9.7.jar
2024-06-27 13:56:53,181 [Worker-23: Launching mavenrun-36da8c3e-738a-4101-97c1-b2db43dcb4f5] INFO  o.eclipse.m2e.core.internal.Bundles - 	Entry: C:\Users\Alex\.p2\pool\plugins\org.eclipse.m2e.maven.runtime_3.9.700.20240602-2313\jars\maven-model-3.9.7.jar
2024-06-27 13:56:53,181 [Worker-23: Launching mavenrun-36da8c3e-738a-4101-97c1-b2db43dcb4f5] INFO  o.eclipse.m2e.core.internal.Bundles - 	Entry: C:\Users\Alex\.p2\pool\plugins\org.eclipse.m2e.maven.runtime_3.9.700.20240602-2313\jars\maven-model-builder-3.9.7.jar
2024-06-27 13:56:53,181 [Worker-23: Launching mavenrun-36da8c3e-738a-4101-97c1-b2db43dcb4f5] INFO  o.eclipse.m2e.core.internal.Bundles - 	Entry: C:\Users\Alex\.p2\pool\plugins\org.eclipse.m2e.maven.runtime_3.9.700.20240602-2313\jars\maven-plugin-api-3.9.7.jar
2024-06-27 13:56:53,181 [Worker-23: Launching mavenrun-36da8c3e-738a-4101-97c1-b2db43dcb4f5] INFO  o.eclipse.m2e.core.internal.Bundles - 	Entry: C:\Users\Alex\.p2\pool\plugins\org.eclipse.m2e.maven.runtime_3.9.700.20240602-2313\jars\maven-repository-metadata-3.9.7.jar
2024-06-27 13:56:53,182 [Worker-23: Launching mavenrun-36da8c3e-738a-4101-97c1-b2db43dcb4f5] INFO  o.eclipse.m2e.core.internal.Bundles - 	Entry: C:\Users\Alex\.p2\pool\plugins\org.eclipse.m2e.maven.runtime_3.9.700.20240602-2313\jars\maven-resolver-api-1.9.20.jar
2024-06-27 13:56:53,182 [Worker-23: Launching mavenrun-36da8c3e-738a-4101-97c1-b2db43dcb4f5] INFO  o.eclipse.m2e.core.internal.Bundles - 	Entry: C:\Users\Alex\.p2\pool\plugins\org.eclipse.m2e.maven.runtime_3.9.700.20240602-2313\jars\maven-resolver-connector-basic-1.9.20.jar
2024-06-27 13:56:53,182 [Worker-23: Launching mavenrun-36da8c3e-738a-4101-97c1-b2db43dcb4f5] INFO  o.eclipse.m2e.core.internal.Bundles - 	Entry: C:\Users\Alex\.p2\pool\plugins\org.eclipse.m2e.maven.runtime_3.9.700.20240602-2313\jars\maven-resolver-impl-1.9.20.jar
2024-06-27 13:56:53,182 [Worker-23: Launching mavenrun-36da8c3e-738a-4101-97c1-b2db43dcb4f5] INFO  o.eclipse.m2e.core.internal.Bundles - 	Entry: C:\Users\Alex\.p2\pool\plugins\org.eclipse.m2e.maven.runtime_3.9.700.20240602-2313\jars\maven-resolver-named-locks-1.9.20.jar
2024-06-27 13:56:53,182 [Worker-23: Launching mavenrun-36da8c3e-738a-4101-97c1-b2db43dcb4f5] INFO  o.eclipse.m2e.core.internal.Bundles - 	Entry: C:\Users\Alex\.p2\pool\plugins\org.eclipse.m2e.maven.runtime_3.9.700.20240602-2313\jars\maven-resolver-provider-3.9.7.jar
2024-06-27 13:56:53,182 [Worker-23: Launching mavenrun-36da8c3e-738a-4101-97c1-b2db43dcb4f5] INFO  o.eclipse.m2e.core.internal.Bundles - 	Entry: C:\Users\Alex\.p2\pool\plugins\org.eclipse.m2e.maven.runtime_3.9.700.20240602-2313\jars\maven-resolver-spi-1.9.20.jar
2024-06-27 13:56:53,182 [Worker-23: Launching mavenrun-36da8c3e-738a-4101-97c1-b2db43dcb4f5] INFO  o.eclipse.m2e.core.internal.Bundles - 	Entry: C:\Users\Alex\.p2\pool\plugins\org.eclipse.m2e.maven.runtime_3.9.700.20240602-2313\jars\maven-resolver-transport-file-1.9.20.jar
2024-06-27 13:56:53,183 [Worker-23: Launching mavenrun-36da8c3e-738a-4101-97c1-b2db43dcb4f5] INFO  o.eclipse.m2e.core.internal.Bundles - 	Entry: C:\Users\Alex\.p2\pool\plugins\org.eclipse.m2e.maven.runtime_3.9.700.20240602-2313\jars\maven-resolver-transport-http-1.9.20.jar
2024-06-27 13:56:53,183 [Worker-23: Launching mavenrun-36da8c3e-738a-4101-97c1-b2db43dcb4f5] INFO  o.eclipse.m2e.core.internal.Bundles - 	Entry: C:\Users\Alex\.p2\pool\plugins\org.eclipse.m2e.maven.runtime_3.9.700.20240602-2313\jars\maven-resolver-transport-wagon-1.9.20.jar
2024-06-27 13:56:53,183 [Worker-23: Launching mavenrun-36da8c3e-738a-4101-97c1-b2db43dcb4f5] INFO  o.eclipse.m2e.core.internal.Bundles - 	Entry: C:\Users\Alex\.p2\pool\plugins\org.eclipse.m2e.maven.runtime_3.9.700.20240602-2313\jars\maven-resolver-util-1.9.20.jar
2024-06-27 13:56:53,183 [Worker-23: Launching mavenrun-36da8c3e-738a-4101-97c1-b2db43dcb4f5] INFO  o.eclipse.m2e.core.internal.Bundles - 	Entry: C:\Users\Alex\.p2\pool\plugins\org.eclipse.m2e.maven.runtime_3.9.700.20240602-2313\jars\maven-settings-3.9.7.jar
2024-06-27 13:56:53,183 [Worker-23: Launching mavenrun-36da8c3e-738a-4101-97c1-b2db43dcb4f5] INFO  o.eclipse.m2e.core.internal.Bundles - 	Entry: C:\Users\Alex\.p2\pool\plugins\org.eclipse.m2e.maven.runtime_3.9.700.20240602-2313\jars\maven-settings-builder-3.9.7.jar
2024-06-27 13:56:53,183 [Worker-23: Launching mavenrun-36da8c3e-738a-4101-97c1-b2db43dcb4f5] INFO  o.eclipse.m2e.core.internal.Bundles - 	Entry: C:\Users\Alex\.p2\pool\plugins\org.eclipse.m2e.maven.runtime_3.9.700.20240602-2313\jars\maven-shared-utils-3.4.2.jar
2024-06-27 13:56:53,184 [Worker-23: Launching mavenrun-36da8c3e-738a-4101-97c1-b2db43dcb4f5] INFO  o.eclipse.m2e.core.internal.Bundles - 	Entry: C:\Users\Alex\.p2\pool\plugins\org.eclipse.m2e.maven.runtime_3.9.700.20240602-2313\jars\org.eclipse.sisu.inject-0.9.0.M2.jar
2024-06-27 13:56:53,184 [Worker-23: Launching mavenrun-36da8c3e-738a-4101-97c1-b2db43dcb4f5] INFO  o.eclipse.m2e.core.internal.Bundles - 	Entry: C:\Users\Alex\.p2\pool\plugins\org.eclipse.m2e.maven.runtime_3.9.700.20240602-2313\jars\org.eclipse.sisu.plexus-0.9.0.M2.jar
2024-06-27 13:56:53,184 [Worker-23: Launching mavenrun-36da8c3e-738a-4101-97c1-b2db43dcb4f5] INFO  o.eclipse.m2e.core.internal.Bundles - 	Entry: C:\Users\Alex\.p2\pool\plugins\org.eclipse.m2e.maven.runtime_3.9.700.20240602-2313\jars\plexus-build-api-0.0.7.jar
2024-06-27 13:56:53,184 [Worker-23: Launching mavenrun-36da8c3e-738a-4101-97c1-b2db43dcb4f5] INFO  o.eclipse.m2e.core.internal.Bundles - 	Entry: C:\Users\Alex\.p2\pool\plugins\org.eclipse.m2e.maven.runtime_3.9.700.20240602-2313\jars\plexus-build-api-1.2.0.jar
2024-06-27 13:56:53,184 [Worker-23: Launching mavenrun-36da8c3e-738a-4101-97c1-b2db43dcb4f5] INFO  o.eclipse.m2e.core.internal.Bundles - 	Entry: C:\Users\Alex\.p2\pool\plugins\org.eclipse.m2e.maven.runtime_3.9.700.20240602-2313\jars\plexus-cipher-2.0.jar
2024-06-27 13:56:53,184 [Worker-23: Launching mavenrun-36da8c3e-738a-4101-97c1-b2db43dcb4f5] INFO  o.eclipse.m2e.core.internal.Bundles - 	Entry: C:\Users\Alex\.p2\pool\plugins\org.eclipse.m2e.maven.runtime_3.9.700.20240602-2313\jars\plexus-classworlds-2.8.0.jar
2024-06-27 13:56:53,185 [Worker-23: Launching mavenrun-36da8c3e-738a-4101-97c1-b2db43dcb4f5] INFO  o.eclipse.m2e.core.internal.Bundles - 	Entry: C:\Users\Alex\.p2\pool\plugins\org.eclipse.m2e.maven.runtime_3.9.700.20240602-2313\jars\plexus-component-annotations-2.1.0.jar
2024-06-27 13:56:53,185 [Worker-23: Launching mavenrun-36da8c3e-738a-4101-97c1-b2db43dcb4f5] INFO  o.eclipse.m2e.core.internal.Bundles - 	Entry: C:\Users\Alex\.p2\pool\plugins\org.eclipse.m2e.maven.runtime_3.9.700.20240602-2313\jars\plexus-interpolation-1.27.jar
2024-06-27 13:56:53,185 [Worker-23: Launching mavenrun-36da8c3e-738a-4101-97c1-b2db43dcb4f5] INFO  o.eclipse.m2e.core.internal.Bundles - 	Entry: C:\Users\Alex\.p2\pool\plugins\org.eclipse.m2e.maven.runtime_3.9.700.20240602-2313\jars\plexus-sec-dispatcher-2.0.jar
2024-06-27 13:56:53,185 [Worker-23: Launching mavenrun-36da8c3e-738a-4101-97c1-b2db43dcb4f5] INFO  o.eclipse.m2e.core.internal.Bundles - 	Entry: C:\Users\Alex\.p2\pool\plugins\org.eclipse.m2e.maven.runtime_3.9.700.20240602-2313\jars\plexus-utils-3.5.1.jar
2024-06-27 13:56:53,185 [Worker-23: Launching mavenrun-36da8c3e-738a-4101-97c1-b2db43dcb4f5] INFO  o.eclipse.m2e.core.internal.Bundles - 	Entry: C:\Users\Alex\.p2\pool\plugins\org.eclipse.m2e.maven.runtime_3.9.700.20240602-2313\jars\wagon-file-3.5.3.jar
2024-06-27 13:56:53,185 [Worker-23: Launching mavenrun-36da8c3e-738a-4101-97c1-b2db43dcb4f5] INFO  o.eclipse.m2e.core.internal.Bundles - 	Entry: C:\Users\Alex\.p2\pool\plugins\org.eclipse.m2e.maven.runtime_3.9.700.20240602-2313\jars\wagon-http-3.5.3.jar
2024-06-27 13:56:53,186 [Worker-23: Launching mavenrun-36da8c3e-738a-4101-97c1-b2db43dcb4f5] INFO  o.eclipse.m2e.core.internal.Bundles - 	Entry: C:\Users\Alex\.p2\pool\plugins\org.eclipse.m2e.maven.runtime_3.9.700.20240602-2313\jars\wagon-http-shared-3.5.3.jar
2024-06-27 13:56:53,186 [Worker-23: Launching mavenrun-36da8c3e-738a-4101-97c1-b2db43dcb4f5] INFO  o.eclipse.m2e.core.internal.Bundles - 	Entry: C:\Users\Alex\.p2\pool\plugins\org.eclipse.m2e.maven.runtime_3.9.700.20240602-2313\jars\wagon-provider-api-3.5.3.jar
2024-06-27 13:56:53,188 [Worker-23: Launching mavenrun-36da8c3e-738a-4101-97c1-b2db43dcb4f5] INFO  o.eclipse.m2e.core.internal.Bundles - getClasspathEntries(Bundle=com.google.guava_33.2.0.jre [16])
2024-06-27 13:56:53,188 [Worker-23: Launching mavenrun-36da8c3e-738a-4101-97c1-b2db43dcb4f5] INFO  o.eclipse.m2e.core.internal.Bundles - 	Entry: C:\Users\Alex\.p2\pool\plugins\com.google.guava_33.2.0.jre.jar
2024-06-27 13:56:53,188 [Worker-23: Launching mavenrun-36da8c3e-738a-4101-97c1-b2db43dcb4f5] INFO  o.eclipse.m2e.core.internal.Bundles - getClasspathEntries(Bundle=slf4j.api_2.0.13 [1009])
2024-06-27 13:56:53,189 [Worker-23: Launching mavenrun-36da8c3e-738a-4101-97c1-b2db43dcb4f5] INFO  o.eclipse.m2e.core.internal.Bundles - 	Entry: C:\Users\Alex\.p2\pool\plugins\slf4j.api_2.0.13.jar
2024-06-27 13:56:53,189 [Worker-23: Launching mavenrun-36da8c3e-738a-4101-97c1-b2db43dcb4f5] INFO  o.eclipse.m2e.core.internal.Bundles - getClasspathEntries(Bundle=jakarta.inject.jakarta.inject-api_1.0.5 [33])
2024-06-27 13:56:53,189 [Worker-23: Launching mavenrun-36da8c3e-738a-4101-97c1-b2db43dcb4f5] INFO  o.eclipse.m2e.core.internal.Bundles - 	Entry: C:\Users\Alex\.p2\pool\plugins\jakarta.inject.jakarta.inject-api_1.0.5.jar
2024-06-27 13:56:53,189 [Worker-23: Launching mavenrun-36da8c3e-738a-4101-97c1-b2db43dcb4f5] INFO  o.eclipse.m2e.core.internal.Bundles - getClasspathEntries(Bundle=javax.annotation_1.3.5.v20200909-1856 [44])
2024-06-27 13:56:53,190 [Worker-23: Launching mavenrun-36da8c3e-738a-4101-97c1-b2db43dcb4f5] INFO  o.eclipse.m2e.core.internal.Bundles - 	Entry: C:\Users\Alex\.p2\pool\plugins\javax.annotation_1.3.5.v20200909-1856.jar
2024-06-27 13:56:53,190 [Worker-23: Launching mavenrun-36da8c3e-738a-4101-97c1-b2db43dcb4f5] INFO  o.eclipse.m2e.core.internal.Bundles - getClasspathEntries(Bundle=org.apache.commons.cli_1.8.0 [78])
2024-06-27 13:56:53,190 [Worker-23: Launching mavenrun-36da8c3e-738a-4101-97c1-b2db43dcb4f5] INFO  o.eclipse.m2e.core.internal.Bundles - 	Entry: C:\Users\Alex\.p2\pool\plugins\org.apache.commons.cli_1.8.0.jar
2024-06-27 13:56:53,191 [Worker-23: Launching mavenrun-36da8c3e-738a-4101-97c1-b2db43dcb4f5] INFO  o.eclipse.m2e.core.internal.Bundles - getClasspathEntries(Bundle=org.apache.commons.commons-codec_1.16.0 [81])
2024-06-27 13:56:53,191 [Worker-23: Launching mavenrun-36da8c3e-738a-4101-97c1-b2db43dcb4f5] INFO  o.eclipse.m2e.core.internal.Bundles - 	Entry: C:\Users\Alex\.p2\pool\plugins\org.apache.commons.commons-codec_1.16.0.jar
2024-06-27 13:56:53,191 [Worker-23: Launching mavenrun-36da8c3e-738a-4101-97c1-b2db43dcb4f5] INFO  o.eclipse.m2e.core.internal.Bundles - getClasspathEntries(Bundle=org.apache.commons.lang3_3.14.0 [89])
2024-06-27 13:56:53,192 [Worker-23: Launching mavenrun-36da8c3e-738a-4101-97c1-b2db43dcb4f5] INFO  o.eclipse.m2e.core.internal.Bundles - 	Entry: C:\Users\Alex\.p2\pool\plugins\org.apache.commons.lang3_3.14.0.jar
2024-06-27 13:56:53,193 [Worker-23: Launching mavenrun-36da8c3e-738a-4101-97c1-b2db43dcb4f5] INFO  o.eclipse.m2e.core.internal.Bundles - getClasspathEntries(Bundle=com.google.guava.failureaccess_1.0.2 [17])
2024-06-27 13:56:53,194 [Worker-23: Launching mavenrun-36da8c3e-738a-4101-97c1-b2db43dcb4f5] INFO  o.eclipse.m2e.core.internal.Bundles - 	Entry: C:\Users\Alex\.p2\pool\plugins\com.google.guava.failureaccess_1.0.2.jar
2024-06-27 13:56:53,203 [Worker-23: Launching mavenrun-36da8c3e-738a-4101-97c1-b2db43dcb4f5] INFO  o.e.m.i.launch.MavenLaunchDelegate - Run build in "C:\Users\Alex\AppData\Local\Temp\m2e-archetypeGenerator16723346353545334787":
2024-06-27 13:56:53,206 [Worker-23: Launching mavenrun-36da8c3e-738a-4101-97c1-b2db43dcb4f5] INFO  o.e.m.i.launch.MavenLaunchDelegate -  mvn  -DarchetypeGroupId=org.apache.maven.archetypes -DarchetypeArtifactId=maven-archetype-quickstart -DarchetypeVersion=1.1 -DgroupId=AMF -DartifactId=PROJECT-1 -Dversion=0.0.1-SNAPSHOT -Dpackage=AMF.PROJECT_1 -DoutputDirectory=E:\Alex\Spring-Workspace-1 -Dstyle.color=always -U archetype:generate
2024-06-27 13:57:03,625 [Worker-24: Creating maven-archetype-quickstart] INFO  o.e.m.c.i.p.ProjectConfigurationManager - Collecting project info '/pom.xml' E:\Alex\Spring-Workspace-1\PROJECT-1\pom.xml
2024-06-27 13:57:04,239 [Worker-24: Creating maven-archetype-quickstart] INFO  o.e.m.c.i.l.LifecycleMappingFactory - Using org.eclipse.m2e.jdt.JarLifecycleMapping lifecycle mapping for MavenProject: AMF:PROJECT-1:0.0.1-SNAPSHOT @ E:\Alex\Spring-Workspace-1\PROJECT-1\pom.xml.
2024-06-27 13:57:04,919 [Worker-24: Creating maven-archetype-quickstart] INFO  o.e.m.j.i.AbstractJavaProjectConfigurator - Adding source folder /PROJECT-1/src/main/java
2024-06-27 13:57:04,920 [Worker-24: Creating maven-archetype-quickstart] INFO  o.e.m.j.i.AbstractJavaProjectConfigurator - Adding resource folder /PROJECT-1/src/main/resources
2024-06-27 13:57:04,923 [Worker-24: Creating maven-archetype-quickstart] INFO  o.e.m.j.i.AbstractJavaProjectConfigurator - Adding source folder /PROJECT-1/src/test/java
2024-06-27 13:57:04,925 [Worker-24: Creating maven-archetype-quickstart] INFO  o.e.m.j.i.AbstractJavaProjectConfigurator - Adding resource folder /PROJECT-1/src/test/resources
2024-06-27 13:57:05,033 [Worker-24: Creating maven-archetype-quickstart] INFO  o.e.m.c.i.p.ProjectConfigurationManager - Imported and configured 1 project(s) in 1 sec
2024-06-27 13:57:06,409 [Worker-8: Building] INFO  o.a.m.s.f.DefaultMavenResourcesFiltering - skip non existing resourceDirectory E:\Alex\Spring-Workspace-1\PROJECT-1\src\main\resources
2024-06-27 13:57:06,414 [Worker-8: Building] INFO  o.a.m.s.f.DefaultMavenResourcesFiltering - skip non existing resourceDirectory E:\Alex\Spring-Workspace-1\PROJECT-1\src\test\resources
